#
# There is insufficient memory for the Java Runtime Environment to continue.
# Native memory allocation (malloc) failed to allocate 1088496 bytes for Chunk::new
# Possible reasons:
#   The system is out of physical RAM or swap space
#   The process is running with CompressedOops enabled, and the Java Heap may be blocking the growth of the native heap
# Possible solutions:
#   Reduce memory load on the system
#   Increase physical memory or swap space
#   Check if swap backing store is full
#   Decrease Java heap size (-Xmx/-Xms)
#   Decrease number of Java threads
#   Decrease Java thread stack sizes (-Xss)
#   Set larger code cache with -XX:ReservedCodeCacheSize=
#   JVM is running with Unscaled Compressed Oops mode in which the Java heap is
#     placed in the first 4GB address space. The Java Heap base address is the
#     maximum limit for the native heap growth. Please use -XX:HeapBaseMinAddress
#     to set the Java Heap base and to place the Java Heap above 4GB virtual address.
# This output file may be truncated or incomplete.
#
#  Out of Memory Error (./open/src/hotspot/share/memory/arena.cpp:197), pid=15284, tid=18164
#
# JRE version: Java(TM) SE Runtime Environment 18.9 (11.0.8+10) (build 11.0.8+10-LTS)
# Java VM: Java HotSpot(TM) 64-Bit Server VM 18.9 (11.0.8+10-LTS, mixed mode, tiered, compressed oops, g1 gc, windows-amd64)
# No core dump will be written. Minidumps are not enabled by default on client versions of Windows
#

---------------  S U M M A R Y ------------

Command Line: -Dfile.encoding=UTF-8 com.spring.survey.api.SurveyApplication

Host: Intel(R) Core(TM) i7-4720HQ CPU @ 2.60GHz, 8 cores, 7G,  Windows 8.1 , 64 bit Build 9600 (6.3.9600.19843)
Time: Sun Dec 20 00:34:42 2020 Türkiye Standart Saati elapsed time: 89 seconds (0d 0h 1m 29s)

---------------  T H R E A D  ---------------

Current thread (0x000000f2ae767000):  JavaThread "C2 CompilerThread1" daemon [_thread_in_native, id=18164, stack(0x000000f2b08d0000,0x000000f2b09d0000)]


Current CompileTask:
C2:  89068 6325       4       org.springframework.core.annotation.TypeMappedAnnotations$MergedAnnotationFinder::doWithAnnotations (75 bytes)

Stack: [0x000000f2b08d0000,0x000000f2b09d0000]
Native frames: (J=compiled Java code, j=interpreted, Vv=VM code, C=native code)
V  [jvm.dll+0x601aea]
V  [jvm.dll+0x737fef]
V  [jvm.dll+0x739675]
V  [jvm.dll+0x739cf3]
V  [jvm.dll+0x242848]
V  [jvm.dll+0xb999c]
V  [jvm.dll+0xb9f2c]
V  [jvm.dll+0x2b2f34]
V  [jvm.dll+0x523966]
V  [jvm.dll+0x1fdf63]
V  [jvm.dll+0x1fb37f]
V  [jvm.dll+0x17e0fc]
V  [jvm.dll+0x20aaa4]
V  [jvm.dll+0x208b7b]
V  [jvm.dll+0x6ff90c]
V  [jvm.dll+0x6f845c]
V  [jvm.dll+0x600d66]
C  [ucrtbase.DLL+0x203ba]
C  [KERNEL32.DLL+0x13f2]
C  [ntdll.dll+0x154f4]


---------------  P R O C E S S  ---------------

Threads class SMR info:
_java_thread_list=0x000000f2a9121260, length=29, elements={
0x000000f2a682e000, 0x000000f2a682f000, 0x000000f2a72b9800, 0x000000f2a72bc800,
0x000000f2a72bd800, 0x000000f2a72c2000, 0x000000f2a72ca800, 0x000000f2a745e000,
0x000000f2a7468800, 0x000000f2ad141000, 0x000000f2ab993800, 0x000000f2a9af3800,
0x000000f2ab77d000, 0x000000f2acaad800, 0x000000f2ae263800, 0x000000f2ae268800,
0x000000f2ae266800, 0x000000f2ae267800, 0x000000f2ae761000, 0x000000f2ae762000,
0x000000f2ae765000, 0x000000f2ae762800, 0x000000f2ae763800, 0x000000f2ae764800,
0x000000f2ae766000, 0x000000f2ae767800, 0x000000f2ae768800, 0x000000f2ae76d800,
0x000000f2ae767000
}

Java Threads: ( => current thread )
  0x000000f2a682e000 JavaThread "Reference Handler" daemon [_thread_blocked, id=19672, stack(0x000000f2a7740000,0x000000f2a7840000)]
  0x000000f2a682f000 JavaThread "Finalizer" daemon [_thread_blocked, id=9652, stack(0x000000f2a7840000,0x000000f2a7940000)]
  0x000000f2a72b9800 JavaThread "Signal Dispatcher" daemon [_thread_blocked, id=17568, stack(0x000000f2a7a10000,0x000000f2a7b10000)]
  0x000000f2a72bc800 JavaThread "Attach Listener" daemon [_thread_blocked, id=22976, stack(0x000000f2a7b10000,0x000000f2a7c10000)]
  0x000000f2a72bd800 JavaThread "C2 CompilerThread0" daemon [_thread_in_native, id=15156, stack(0x000000f2a7c10000,0x000000f2a7d10000)]
  0x000000f2a72c2000 JavaThread "C1 CompilerThread0" daemon [_thread_in_native, id=22232, stack(0x000000f2a7d10000,0x000000f2a7e10000)]
  0x000000f2a72ca800 JavaThread "Sweeper thread" daemon [_thread_blocked, id=3272, stack(0x000000f2a7e10000,0x000000f2a7f10000)]
  0x000000f2a745e000 JavaThread "Service Thread" daemon [_thread_blocked, id=22028, stack(0x000000f2a7f10000,0x000000f2a8010000)]
  0x000000f2a7468800 JavaThread "Common-Cleaner" daemon [_thread_blocked, id=15848, stack(0x000000f2a8110000,0x000000f2a8210000)]
  0x000000f2ad141000 JavaThread "Catalina-utility-1" [_thread_blocked, id=16284, stack(0x000000f2b0270000,0x000000f2b0370000)]
  0x000000f2ab993800 JavaThread "Catalina-utility-2" [_thread_blocked, id=25156, stack(0x000000f2b0370000,0x000000f2b0470000)]
  0x000000f2a9af3800 JavaThread "container-0" [_thread_blocked, id=19444, stack(0x000000f2b0470000,0x000000f2b0570000)]
  0x000000f2ab77d000 JavaThread "mysql-cj-abandoned-connection-cleanup" daemon [_thread_blocked, id=29116, stack(0x000000f2b07d0000,0x000000f2b08d0000)]
  0x000000f2acaad800 JavaThread "HikariPool-1 housekeeper" daemon [_thread_blocked, id=12376, stack(0x000000f2b17d0000,0x000000f2b18d0000)]
  0x000000f2ae263800 JavaThread "http-nio-8080-BlockPoller" daemon [_thread_blocked, id=18788, stack(0x000000f2b35d0000,0x000000f2b36d0000)]
  0x000000f2ae268800 JavaThread "http-nio-8080-exec-1" daemon [_thread_in_vm, id=28408, stack(0x000000f2b36d0000,0x000000f2b37d0000)]
  0x000000f2ae266800 JavaThread "http-nio-8080-exec-2" daemon [_thread_blocked, id=8216, stack(0x000000f2b37d0000,0x000000f2b38d0000)]
  0x000000f2ae267800 JavaThread "http-nio-8080-exec-3" daemon [_thread_blocked, id=15140, stack(0x000000f2b38d0000,0x000000f2b39d0000)]
  0x000000f2ae761000 JavaThread "http-nio-8080-exec-4" daemon [_thread_blocked, id=25564, stack(0x000000f2b39d0000,0x000000f2b3ad0000)]
  0x000000f2ae762000 JavaThread "http-nio-8080-exec-5" daemon [_thread_blocked, id=13780, stack(0x000000f2b3ad0000,0x000000f2b3bd0000)]
  0x000000f2ae765000 JavaThread "http-nio-8080-exec-6" daemon [_thread_blocked, id=24660, stack(0x000000f2b3bd0000,0x000000f2b3cd0000)]
  0x000000f2ae762800 JavaThread "http-nio-8080-exec-7" daemon [_thread_blocked, id=24040, stack(0x000000f2b3cd0000,0x000000f2b3dd0000)]
  0x000000f2ae763800 JavaThread "http-nio-8080-exec-8" daemon [_thread_blocked, id=27904, stack(0x000000f2b3dd0000,0x000000f2b3ed0000)]
  0x000000f2ae764800 JavaThread "http-nio-8080-exec-9" daemon [_thread_blocked, id=16316, stack(0x000000f2b3ed0000,0x000000f2b3fd0000)]
  0x000000f2ae766000 JavaThread "http-nio-8080-exec-10" daemon [_thread_blocked, id=6344, stack(0x000000f2b3fd0000,0x000000f2b40d0000)]
  0x000000f2ae767800 JavaThread "http-nio-8080-ClientPoller" daemon [_thread_blocked, id=13748, stack(0x000000f2b42d0000,0x000000f2b43d0000)]
  0x000000f2ae768800 JavaThread "http-nio-8080-Acceptor" daemon [_thread_in_native, id=29988, stack(0x000000f2b43d0000,0x000000f2b44d0000)]
  0x000000f2ae76d800 JavaThread "DestroyJavaVM" [_thread_blocked, id=14936, stack(0x000000f286ef0000,0x000000f286ff0000)]
=>0x000000f2ae767000 JavaThread "C2 CompilerThread1" daemon [_thread_in_native, id=18164, stack(0x000000f2b08d0000,0x000000f2b09d0000)]

Other Threads:
  0x000000f2a6829000 VMThread "VM Thread" [stack: 0x000000f2a7640000,0x000000f2a7740000] [id=13940]
  0x000000f2a7467800 WatcherThread [stack: 0x000000f2a8010000,0x000000f2a8110000] [id=22780]
  0x000000f287866800 GCTaskThread "GC Thread#0" [stack: 0x000000f2871f0000,0x000000f2872f0000] [id=6236]
  0x000000f2a8a65800 GCTaskThread "GC Thread#1" [stack: 0x000000f2a9fc0000,0x000000f2aa0c0000] [id=24768]
  0x000000f2a8d2f000 GCTaskThread "GC Thread#2" [stack: 0x000000f2aa0c0000,0x000000f2aa1c0000] [id=4364]
  0x000000f2a9161800 GCTaskThread "GC Thread#3" [stack: 0x000000f2aaea0000,0x000000f2aafa0000] [id=25216]
  0x000000f2ae2e4000 GCTaskThread "GC Thread#4" [stack: 0x000000f2b11d0000,0x000000f2b12d0000] [id=3648]
  0x000000f2af123800 GCTaskThread "GC Thread#5" [stack: 0x000000f2b12d0000,0x000000f2b13d0000] [id=7732]
  0x000000f2a8e6a000 GCTaskThread "GC Thread#6" [stack: 0x000000f2b13d0000,0x000000f2b14d0000] [id=26272]
  0x000000f2acc28800 GCTaskThread "GC Thread#7" [stack: 0x000000f2b14d0000,0x000000f2b15d0000] [id=4484]
  0x000000f287898800 ConcurrentGCThread "G1 Main Marker" [stack: 0x000000f2a3bc0000,0x000000f2a3cc0000] [id=26036]
  0x000000f28789a000 ConcurrentGCThread "G1 Conc#0" [stack: 0x000000f2a3cc0000,0x000000f2a3dc0000] [id=24272]
  0x000000f2a946f800 ConcurrentGCThread "G1 Conc#1" [stack: 0x000000f2aafa0000,0x000000f2ab0a0000] [id=25828]
  0x000000f2a6695800 ConcurrentGCThread "G1 Refine#0" [stack: 0x000000f2a6840000,0x000000f2a6940000] [id=21576]
  0x000000f2a6698000 ConcurrentGCThread "G1 Young RemSet Sampling" [stack: 0x000000f2a6940000,0x000000f2a6a40000] [id=29564]

Threads with active compile tasks:
C2 CompilerThread0 101782 6411   !   4       sun.net.www.ParseUtil::decode (316 bytes)
C1 CompilerThread0 101782 6413       3       java.util.regex.Pattern::escape (1323 bytes)
C2 CompilerThread1 101782 6325       4       org.springframework.core.annotation.TypeMappedAnnotations$MergedAnnotationFinder::doWithAnnotations (75 bytes)

VM state:synchronizing (normal execution)

VM Mutex/Monitor currently owned by a thread:  ([mutex/lock_event])
[0x000000f28784cd10] Threads_lock - owner thread: 0x000000f2a6829000

Heap address: 0x0000000081600000, size: 2026 MB, Compressed Oops mode: 32-bit
Narrow klass base: 0x0000000000000000, Narrow klass shift: 3
Compressed class space size: 1073741824 Address: 0x0000000100000000

Heap:
 garbage-first heap   total 189440K, used 129773K [0x0000000081600000, 0x0000000100000000)
  region size 1024K, 108 young (110592K), 11 survivors (11264K)
 Metaspace       used 78659K, capacity 80297K, committed 80384K, reserved 1120256K
  class space    used 9829K, capacity 10474K, committed 10496K, reserved 1048576K
Heap Regions: E=young(eden), S=young(survivor), O=old, HS=humongous(starts), HC=humongous(continues), CS=collection set, F=free, A=archive, TAMS=top-at-mark-start (previous, next)
|   0|0x0000000081600000, 0x0000000081700000, 0x0000000081700000|100%|HS|  |TAMS 0x0000000081700000, 0x0000000081600000| Complete 
|   1|0x0000000081700000, 0x0000000081800000, 0x0000000081800000|100%| O|  |TAMS 0x0000000081800000, 0x0000000081700000| Untracked 
|   2|0x0000000081800000, 0x0000000081900000, 0x0000000081900000|100%| O|  |TAMS 0x0000000081900000, 0x0000000081800000| Untracked 
|   3|0x0000000081900000, 0x0000000081a00000, 0x0000000081a00000|100%| O|  |TAMS 0x0000000081a00000, 0x0000000081900000| Untracked 
|   4|0x0000000081a00000, 0x0000000081b00000, 0x0000000081b00000|100%| O|  |TAMS 0x0000000081b00000, 0x0000000081a00000| Untracked 
|   5|0x0000000081b00000, 0x0000000081c00000, 0x0000000081c00000|100%| O|  |TAMS 0x0000000081c00000, 0x0000000081b00000| Untracked 
|   6|0x0000000081c00000, 0x0000000081d00000, 0x0000000081d00000|100%| O|  |TAMS 0x0000000081d00000, 0x0000000081c00000| Untracked 
|   7|0x0000000081d00000, 0x0000000081e00000, 0x0000000081e00000|100%| O|  |TAMS 0x0000000081e00000, 0x0000000081d00000| Untracked 
|   8|0x0000000081e00000, 0x0000000081f00000, 0x0000000081f00000|100%| O|  |TAMS 0x0000000081f00000, 0x0000000081e00000| Untracked 
|   9|0x0000000081f00000, 0x0000000082000000, 0x0000000082000000|100%| O|  |TAMS 0x0000000082000000, 0x0000000081f00000| Untracked 
|  10|0x0000000082000000, 0x0000000082100000, 0x0000000082100000|100%| O|  |TAMS 0x0000000082100000, 0x0000000082000000| Untracked 
|  11|0x0000000082100000, 0x0000000082200000, 0x0000000082200000|100%| O|  |TAMS 0x0000000082200000, 0x0000000082100000| Untracked 
|  12|0x0000000082200000, 0x0000000082300000, 0x0000000082300000|100%| O|  |TAMS 0x0000000082300000, 0x0000000082200000| Untracked 
|  13|0x0000000082300000, 0x0000000082400000, 0x0000000082400000|100%| O|  |TAMS 0x0000000082400000, 0x0000000082300000| Untracked 
|  14|0x0000000082400000, 0x0000000082500000, 0x0000000082500000|100%| O|  |TAMS 0x0000000082500000, 0x0000000082400000| Untracked 
|  15|0x0000000082500000, 0x0000000082500000, 0x0000000082600000|  0%| F|  |TAMS 0x0000000082500000, 0x0000000082500000| Untracked 
|  16|0x0000000082600000, 0x0000000082600000, 0x0000000082700000|  0%| F|  |TAMS 0x0000000082600000, 0x0000000082600000| Untracked 
|  17|0x0000000082700000, 0x0000000082700000, 0x0000000082800000|  0%| F|  |TAMS 0x0000000082700000, 0x0000000082700000| Untracked 
|  18|0x0000000082800000, 0x0000000082900000, 0x0000000082900000|100%| O|  |TAMS 0x0000000082900000, 0x0000000082800000| Untracked 
|  19|0x0000000082900000, 0x0000000082a00000, 0x0000000082a00000|100%| O|  |TAMS 0x0000000082a00000, 0x0000000082900000| Untracked 
|  20|0x0000000082a00000, 0x0000000082b00000, 0x0000000082b00000|100%| O|  |TAMS 0x0000000082b00000, 0x0000000082a00000| Untracked 
|  21|0x0000000082b00000, 0x0000000082c00000, 0x0000000082c00000|100%| O|  |TAMS 0x0000000082c00000, 0x0000000082b00000| Untracked 
|  22|0x0000000082c00000, 0x0000000082d00000, 0x0000000082d00000|100%| O|  |TAMS 0x0000000082d00000, 0x0000000082c00000| Untracked 
|  23|0x0000000082d00000, 0x0000000082d80800, 0x0000000082e00000| 50%| O|  |TAMS 0x0000000082d80800, 0x0000000082d00000| Untracked 
|  24|0x0000000082e00000, 0x0000000082e00000, 0x0000000082f00000|  0%| F|  |TAMS 0x0000000082e00000, 0x0000000082e00000| Untracked 
|  25|0x0000000082f00000, 0x0000000082f00000, 0x0000000083000000|  0%| F|  |TAMS 0x0000000082f00000, 0x0000000082f00000| Untracked 
|  26|0x0000000083000000, 0x0000000083000000, 0x0000000083100000|  0%| F|  |TAMS 0x0000000083000000, 0x0000000083000000| Untracked 
|  27|0x0000000083100000, 0x0000000083100000, 0x0000000083200000|  0%| F|  |TAMS 0x0000000083100000, 0x0000000083100000| Untracked 
|  28|0x0000000083200000, 0x0000000083200000, 0x0000000083300000|  0%| F|  |TAMS 0x0000000083200000, 0x0000000083200000| Untracked 
|  29|0x0000000083300000, 0x0000000083300000, 0x0000000083400000|  0%| F|  |TAMS 0x0000000083300000, 0x0000000083300000| Untracked 
|  30|0x0000000083400000, 0x0000000083400000, 0x0000000083500000|  0%| F|  |TAMS 0x0000000083400000, 0x0000000083400000| Untracked 
|  31|0x0000000083500000, 0x0000000083500000, 0x0000000083600000|  0%| F|  |TAMS 0x0000000083500000, 0x0000000083500000| Untracked 
|  32|0x0000000083600000, 0x0000000083600000, 0x0000000083700000|  0%| F|  |TAMS 0x0000000083600000, 0x0000000083600000| Untracked 
|  33|0x0000000083700000, 0x0000000083700000, 0x0000000083800000|  0%| F|  |TAMS 0x0000000083700000, 0x0000000083700000| Untracked 
|  34|0x0000000083800000, 0x0000000083800000, 0x0000000083900000|  0%| F|  |TAMS 0x0000000083800000, 0x0000000083800000| Untracked 
|  35|0x0000000083900000, 0x0000000083900000, 0x0000000083a00000|  0%| F|  |TAMS 0x0000000083900000, 0x0000000083900000| Untracked 
|  36|0x0000000083a00000, 0x0000000083a00000, 0x0000000083b00000|  0%| F|  |TAMS 0x0000000083a00000, 0x0000000083a00000| Untracked 
|  37|0x0000000083b00000, 0x0000000083b00000, 0x0000000083c00000|  0%| F|  |TAMS 0x0000000083b00000, 0x0000000083b00000| Untracked 
|  38|0x0000000083c00000, 0x0000000083c00000, 0x0000000083d00000|  0%| F|  |TAMS 0x0000000083c00000, 0x0000000083c00000| Untracked 
|  39|0x0000000083d00000, 0x0000000083d00000, 0x0000000083e00000|  0%| F|  |TAMS 0x0000000083d00000, 0x0000000083d00000| Untracked 
|  40|0x0000000083e00000, 0x0000000083e00000, 0x0000000083f00000|  0%| F|  |TAMS 0x0000000083e00000, 0x0000000083e00000| Untracked 
|  41|0x0000000083f00000, 0x0000000083f00000, 0x0000000084000000|  0%| F|  |TAMS 0x0000000083f00000, 0x0000000083f00000| Untracked 
|  42|0x0000000084000000, 0x0000000084000000, 0x0000000084100000|  0%| F|  |TAMS 0x0000000084000000, 0x0000000084000000| Untracked 
|  43|0x0000000084100000, 0x0000000084100000, 0x0000000084200000|  0%| F|  |TAMS 0x0000000084100000, 0x0000000084100000| Untracked 
|  44|0x0000000084200000, 0x0000000084200000, 0x0000000084300000|  0%| F|  |TAMS 0x0000000084200000, 0x0000000084200000| Untracked 
|  45|0x0000000084300000, 0x0000000084300000, 0x0000000084400000|  0%| F|  |TAMS 0x0000000084300000, 0x0000000084300000| Untracked 
|  46|0x0000000084400000, 0x0000000084400000, 0x0000000084500000|  0%| F|  |TAMS 0x0000000084400000, 0x0000000084400000| Untracked 
|  47|0x0000000084500000, 0x0000000084500000, 0x0000000084600000|  0%| F|  |TAMS 0x0000000084500000, 0x0000000084500000| Untracked 
|  48|0x0000000084600000, 0x0000000084600000, 0x0000000084700000|  0%| F|  |TAMS 0x0000000084600000, 0x0000000084600000| Untracked 
|  49|0x0000000084700000, 0x0000000084700000, 0x0000000084800000|  0%| F|  |TAMS 0x0000000084700000, 0x0000000084700000| Untracked 
|  50|0x0000000084800000, 0x0000000084800000, 0x0000000084900000|  0%| F|  |TAMS 0x0000000084800000, 0x0000000084800000| Untracked 
|  51|0x0000000084900000, 0x000000008493ae90, 0x0000000084a00000| 23%| S|CS|TAMS 0x0000000084900000, 0x0000000084900000| Complete 
|  52|0x0000000084a00000, 0x0000000084b00000, 0x0000000084b00000|100%| S|CS|TAMS 0x0000000084a00000, 0x0000000084a00000| Complete 
|  53|0x0000000084b00000, 0x0000000084c00000, 0x0000000084c00000|100%| S|CS|TAMS 0x0000000084b00000, 0x0000000084b00000| Complete 
|  54|0x0000000084c00000, 0x0000000084d00000, 0x0000000084d00000|100%| S|CS|TAMS 0x0000000084c00000, 0x0000000084c00000| Complete 
|  55|0x0000000084d00000, 0x0000000084e00000, 0x0000000084e00000|100%| S|CS|TAMS 0x0000000084d00000, 0x0000000084d00000| Complete 
|  56|0x0000000084e00000, 0x0000000084f00000, 0x0000000084f00000|100%| S|CS|TAMS 0x0000000084e00000, 0x0000000084e00000| Complete 
|  57|0x0000000084f00000, 0x0000000085000000, 0x0000000085000000|100%| S|CS|TAMS 0x0000000084f00000, 0x0000000084f00000| Complete 
|  58|0x0000000085000000, 0x0000000085100000, 0x0000000085100000|100%| S|CS|TAMS 0x0000000085000000, 0x0000000085000000| Complete 
|  59|0x0000000085100000, 0x0000000085200000, 0x0000000085200000|100%| S|CS|TAMS 0x0000000085100000, 0x0000000085100000| Complete 
|  60|0x0000000085200000, 0x0000000085300000, 0x0000000085300000|100%| S|CS|TAMS 0x0000000085200000, 0x0000000085200000| Complete 
|  61|0x0000000085300000, 0x0000000085400000, 0x0000000085400000|100%| S|CS|TAMS 0x0000000085300000, 0x0000000085300000| Complete 
|  62|0x0000000085400000, 0x0000000085400000, 0x0000000085500000|  0%| F|  |TAMS 0x0000000085400000, 0x0000000085400000| Untracked 
|  63|0x0000000085500000, 0x0000000085500000, 0x0000000085600000|  0%| F|  |TAMS 0x0000000085500000, 0x0000000085500000| Untracked 
|  64|0x0000000085600000, 0x0000000085600000, 0x0000000085700000|  0%| F|  |TAMS 0x0000000085600000, 0x0000000085600000| Untracked 
|  65|0x0000000085700000, 0x0000000085700000, 0x0000000085800000|  0%| F|  |TAMS 0x0000000085700000, 0x0000000085700000| Untracked 
|  66|0x0000000085800000, 0x0000000085800000, 0x0000000085900000|  0%| F|  |TAMS 0x0000000085800000, 0x0000000085800000| Untracked 
|  67|0x0000000085900000, 0x0000000085900000, 0x0000000085a00000|  0%| F|  |TAMS 0x0000000085900000, 0x0000000085900000| Untracked 
|  68|0x0000000085a00000, 0x0000000085a00000, 0x0000000085b00000|  0%| F|  |TAMS 0x0000000085a00000, 0x0000000085a00000| Untracked 
|  69|0x0000000085b00000, 0x0000000085b00000, 0x0000000085c00000|  0%| F|  |TAMS 0x0000000085b00000, 0x0000000085b00000| Untracked 
|  70|0x0000000085c00000, 0x0000000085c00000, 0x0000000085d00000|  0%| F|  |TAMS 0x0000000085c00000, 0x0000000085c00000| Untracked 
|  71|0x0000000085d00000, 0x0000000085d00000, 0x0000000085e00000|  0%| F|  |TAMS 0x0000000085d00000, 0x0000000085d00000| Untracked 
|  72|0x0000000085e00000, 0x0000000085e00000, 0x0000000085f00000|  0%| F|  |TAMS 0x0000000085e00000, 0x0000000085e00000| Untracked 
|  73|0x0000000085f00000, 0x0000000085f00000, 0x0000000086000000|  0%| F|  |TAMS 0x0000000085f00000, 0x0000000085f00000| Untracked 
|  74|0x0000000086000000, 0x0000000086000000, 0x0000000086100000|  0%| F|  |TAMS 0x0000000086000000, 0x0000000086000000| Untracked 
|  75|0x0000000086100000, 0x0000000086100000, 0x0000000086200000|  0%| F|  |TAMS 0x0000000086100000, 0x0000000086100000| Untracked 
|  76|0x0000000086200000, 0x0000000086200000, 0x0000000086300000|  0%| F|  |TAMS 0x0000000086200000, 0x0000000086200000| Untracked 
|  77|0x0000000086300000, 0x0000000086300000, 0x0000000086400000|  0%| F|  |TAMS 0x0000000086300000, 0x0000000086300000| Untracked 
|  78|0x0000000086400000, 0x0000000086400000, 0x0000000086500000|  0%| F|  |TAMS 0x0000000086400000, 0x0000000086400000| Untracked 
|  79|0x0000000086500000, 0x0000000086500000, 0x0000000086600000|  0%| F|  |TAMS 0x0000000086500000, 0x0000000086500000| Untracked 
|  80|0x0000000086600000, 0x0000000086600000, 0x0000000086700000|  0%| F|  |TAMS 0x0000000086600000, 0x0000000086600000| Untracked 
|  81|0x0000000086700000, 0x0000000086700000, 0x0000000086800000|  0%| F|  |TAMS 0x0000000086700000, 0x0000000086700000| Untracked 
|  82|0x0000000086800000, 0x0000000086800000, 0x0000000086900000|  0%| F|  |TAMS 0x0000000086800000, 0x0000000086800000| Untracked 
|  83|0x0000000086900000, 0x0000000086900000, 0x0000000086a00000|  0%| F|  |TAMS 0x0000000086900000, 0x0000000086900000| Untracked 
|  84|0x0000000086a00000, 0x0000000086a00000, 0x0000000086b00000|  0%| F|  |TAMS 0x0000000086a00000, 0x0000000086a00000| Untracked 
|  85|0x0000000086b00000, 0x0000000086b00000, 0x0000000086c00000|  0%| F|  |TAMS 0x0000000086b00000, 0x0000000086b00000| Untracked 
|  86|0x0000000086c00000, 0x0000000086c00000, 0x0000000086d00000|  0%| F|  |TAMS 0x0000000086c00000, 0x0000000086c00000| Untracked 
|  87|0x0000000086d00000, 0x0000000086d00000, 0x0000000086e00000|  0%| F|  |TAMS 0x0000000086d00000, 0x0000000086d00000| Untracked 
|  88|0x0000000086e00000, 0x0000000086e820a0, 0x0000000086f00000| 50%| E|  |TAMS 0x0000000086e00000, 0x0000000086e00000| Complete 
|  89|0x0000000086f00000, 0x0000000087000000, 0x0000000087000000|100%| E|CS|TAMS 0x0000000086f00000, 0x0000000086f00000| Complete 
|  90|0x0000000087000000, 0x0000000087100000, 0x0000000087100000|100%| E|CS|TAMS 0x0000000087000000, 0x0000000087000000| Complete 
|  91|0x0000000087100000, 0x0000000087200000, 0x0000000087200000|100%| E|CS|TAMS 0x0000000087100000, 0x0000000087100000| Complete 
|  92|0x0000000087200000, 0x0000000087300000, 0x0000000087300000|100%| E|CS|TAMS 0x0000000087200000, 0x0000000087200000| Complete 
|  93|0x0000000087300000, 0x0000000087400000, 0x0000000087400000|100%| E|CS|TAMS 0x0000000087300000, 0x0000000087300000| Complete 
|  94|0x0000000087400000, 0x0000000087500000, 0x0000000087500000|100%| E|CS|TAMS 0x0000000087400000, 0x0000000087400000| Complete 
|  95|0x0000000087500000, 0x0000000087600000, 0x0000000087600000|100%| E|CS|TAMS 0x0000000087500000, 0x0000000087500000| Complete 
|  96|0x0000000087600000, 0x0000000087700000, 0x0000000087700000|100%| E|CS|TAMS 0x0000000087600000, 0x0000000087600000| Complete 
|  97|0x0000000087700000, 0x0000000087800000, 0x0000000087800000|100%| E|CS|TAMS 0x0000000087700000, 0x0000000087700000| Complete 
|  98|0x0000000087800000, 0x0000000087900000, 0x0000000087900000|100%| E|CS|TAMS 0x0000000087800000, 0x0000000087800000| Complete 
|  99|0x0000000087900000, 0x0000000087a00000, 0x0000000087a00000|100%| E|CS|TAMS 0x0000000087900000, 0x0000000087900000| Complete 
| 100|0x0000000087a00000, 0x0000000087b00000, 0x0000000087b00000|100%| E|CS|TAMS 0x0000000087a00000, 0x0000000087a00000| Complete 
| 101|0x0000000087b00000, 0x0000000087c00000, 0x0000000087c00000|100%| E|CS|TAMS 0x0000000087b00000, 0x0000000087b00000| Complete 
| 102|0x0000000087c00000, 0x0000000087d00000, 0x0000000087d00000|100%| E|CS|TAMS 0x0000000087c00000, 0x0000000087c00000| Complete 
| 103|0x0000000087d00000, 0x0000000087e00000, 0x0000000087e00000|100%| E|CS|TAMS 0x0000000087d00000, 0x0000000087d00000| Complete 
| 104|0x0000000087e00000, 0x0000000087f00000, 0x0000000087f00000|100%| E|CS|TAMS 0x0000000087e00000, 0x0000000087e00000| Complete 
| 105|0x0000000087f00000, 0x0000000088000000, 0x0000000088000000|100%| E|CS|TAMS 0x0000000087f00000, 0x0000000087f00000| Complete 
| 106|0x0000000088000000, 0x0000000088100000, 0x0000000088100000|100%| E|CS|TAMS 0x0000000088000000, 0x0000000088000000| Complete 
| 107|0x0000000088100000, 0x0000000088200000, 0x0000000088200000|100%| E|CS|TAMS 0x0000000088100000, 0x0000000088100000| Complete 
| 108|0x0000000088200000, 0x0000000088300000, 0x0000000088300000|100%| E|CS|TAMS 0x0000000088200000, 0x0000000088200000| Complete 
| 109|0x0000000088300000, 0x0000000088400000, 0x0000000088400000|100%| E|CS|TAMS 0x0000000088300000, 0x0000000088300000| Complete 
| 110|0x0000000088400000, 0x0000000088500000, 0x0000000088500000|100%| E|CS|TAMS 0x0000000088400000, 0x0000000088400000| Complete 
| 111|0x0000000088500000, 0x0000000088600000, 0x0000000088600000|100%| E|CS|TAMS 0x0000000088500000, 0x0000000088500000| Complete 
| 112|0x0000000088600000, 0x0000000088700000, 0x0000000088700000|100%| E|CS|TAMS 0x0000000088600000, 0x0000000088600000| Complete 
| 113|0x0000000088700000, 0x0000000088800000, 0x0000000088800000|100%| E|CS|TAMS 0x0000000088700000, 0x0000000088700000| Complete 
| 114|0x0000000088800000, 0x0000000088900000, 0x0000000088900000|100%| E|CS|TAMS 0x0000000088800000, 0x0000000088800000| Complete 
| 115|0x0000000088900000, 0x0000000088a00000, 0x0000000088a00000|100%| E|CS|TAMS 0x0000000088900000, 0x0000000088900000| Complete 
| 116|0x0000000088a00000, 0x0000000088b00000, 0x0000000088b00000|100%| E|CS|TAMS 0x0000000088a00000, 0x0000000088a00000| Complete 
| 117|0x0000000088b00000, 0x0000000088c00000, 0x0000000088c00000|100%| E|CS|TAMS 0x0000000088b00000, 0x0000000088b00000| Complete 
| 118|0x0000000088c00000, 0x0000000088d00000, 0x0000000088d00000|100%| E|CS|TAMS 0x0000000088c00000, 0x0000000088c00000| Complete 
| 119|0x0000000088d00000, 0x0000000088e00000, 0x0000000088e00000|100%| E|CS|TAMS 0x0000000088d00000, 0x0000000088d00000| Complete 
| 120|0x0000000088e00000, 0x0000000088f00000, 0x0000000088f00000|100%| E|CS|TAMS 0x0000000088e00000, 0x0000000088e00000| Complete 
| 121|0x0000000088f00000, 0x0000000089000000, 0x0000000089000000|100%| E|CS|TAMS 0x0000000088f00000, 0x0000000088f00000| Complete 
| 122|0x0000000089000000, 0x0000000089100000, 0x0000000089100000|100%| E|CS|TAMS 0x0000000089000000, 0x0000000089000000| Complete 
| 123|0x0000000089100000, 0x0000000089200000, 0x0000000089200000|100%| E|CS|TAMS 0x0000000089100000, 0x0000000089100000| Complete 
| 124|0x0000000089200000, 0x0000000089300000, 0x0000000089300000|100%| E|CS|TAMS 0x0000000089200000, 0x0000000089200000| Complete 
| 125|0x0000000089300000, 0x0000000089400000, 0x0000000089400000|100%| E|CS|TAMS 0x0000000089300000, 0x0000000089300000| Complete 
| 126|0x0000000089400000, 0x0000000089500000, 0x0000000089500000|100%| E|CS|TAMS 0x0000000089400000, 0x0000000089400000| Complete 
| 127|0x0000000089500000, 0x0000000089600000, 0x0000000089600000|100%| E|CS|TAMS 0x0000000089500000, 0x0000000089500000| Complete 
| 128|0x0000000089600000, 0x0000000089700000, 0x0000000089700000|100%| E|CS|TAMS 0x0000000089600000, 0x0000000089600000| Complete 
| 129|0x0000000089700000, 0x0000000089800000, 0x0000000089800000|100%| E|CS|TAMS 0x0000000089700000, 0x0000000089700000| Complete 
| 130|0x0000000089800000, 0x0000000089900000, 0x0000000089900000|100%| E|CS|TAMS 0x0000000089800000, 0x0000000089800000| Complete 
| 131|0x0000000089900000, 0x0000000089a00000, 0x0000000089a00000|100%| E|CS|TAMS 0x0000000089900000, 0x0000000089900000| Complete 
| 132|0x0000000089a00000, 0x0000000089b00000, 0x0000000089b00000|100%| E|CS|TAMS 0x0000000089a00000, 0x0000000089a00000| Complete 
| 133|0x0000000089b00000, 0x0000000089c00000, 0x0000000089c00000|100%| E|CS|TAMS 0x0000000089b00000, 0x0000000089b00000| Complete 
| 134|0x0000000089c00000, 0x0000000089d00000, 0x0000000089d00000|100%| E|CS|TAMS 0x0000000089c00000, 0x0000000089c00000| Complete 
| 135|0x0000000089d00000, 0x0000000089e00000, 0x0000000089e00000|100%| E|CS|TAMS 0x0000000089d00000, 0x0000000089d00000| Complete 
| 136|0x0000000089e00000, 0x0000000089f00000, 0x0000000089f00000|100%| E|CS|TAMS 0x0000000089e00000, 0x0000000089e00000| Complete 
| 137|0x0000000089f00000, 0x000000008a000000, 0x000000008a000000|100%| E|CS|TAMS 0x0000000089f00000, 0x0000000089f00000| Complete 
| 138|0x000000008a000000, 0x000000008a100000, 0x000000008a100000|100%| E|CS|TAMS 0x000000008a000000, 0x000000008a000000| Complete 
| 139|0x000000008a100000, 0x000000008a200000, 0x000000008a200000|100%| E|CS|TAMS 0x000000008a100000, 0x000000008a100000| Complete 
| 140|0x000000008a200000, 0x000000008a300000, 0x000000008a300000|100%| E|CS|TAMS 0x000000008a200000, 0x000000008a200000| Complete 
| 141|0x000000008a300000, 0x000000008a400000, 0x000000008a400000|100%| E|CS|TAMS 0x000000008a300000, 0x000000008a300000| Complete 
| 142|0x000000008a400000, 0x000000008a500000, 0x000000008a500000|100%| E|CS|TAMS 0x000000008a400000, 0x000000008a400000| Complete 
| 143|0x000000008a500000, 0x000000008a600000, 0x000000008a600000|100%| E|CS|TAMS 0x000000008a500000, 0x000000008a500000| Complete 
| 144|0x000000008a600000, 0x000000008a700000, 0x000000008a700000|100%| E|CS|TAMS 0x000000008a600000, 0x000000008a600000| Complete 
| 145|0x000000008a700000, 0x000000008a800000, 0x000000008a800000|100%| E|CS|TAMS 0x000000008a700000, 0x000000008a700000| Complete 
| 146|0x000000008a800000, 0x000000008a900000, 0x000000008a900000|100%| E|CS|TAMS 0x000000008a800000, 0x000000008a800000| Complete 
| 147|0x000000008a900000, 0x000000008aa00000, 0x000000008aa00000|100%| E|CS|TAMS 0x000000008a900000, 0x000000008a900000| Complete 
| 148|0x000000008aa00000, 0x000000008ab00000, 0x000000008ab00000|100%| E|CS|TAMS 0x000000008aa00000, 0x000000008aa00000| Complete 
| 149|0x000000008ab00000, 0x000000008ac00000, 0x000000008ac00000|100%| E|CS|TAMS 0x000000008ab00000, 0x000000008ab00000| Complete 
| 150|0x000000008ac00000, 0x000000008ad00000, 0x000000008ad00000|100%| E|CS|TAMS 0x000000008ac00000, 0x000000008ac00000| Complete 
| 151|0x000000008ad00000, 0x000000008ae00000, 0x000000008ae00000|100%| E|CS|TAMS 0x000000008ad00000, 0x000000008ad00000| Complete 
| 152|0x000000008ae00000, 0x000000008af00000, 0x000000008af00000|100%| E|CS|TAMS 0x000000008ae00000, 0x000000008ae00000| Complete 
| 153|0x000000008af00000, 0x000000008b000000, 0x000000008b000000|100%| E|CS|TAMS 0x000000008af00000, 0x000000008af00000| Complete 
| 154|0x000000008b000000, 0x000000008b100000, 0x000000008b100000|100%| E|CS|TAMS 0x000000008b000000, 0x000000008b000000| Complete 
| 155|0x000000008b100000, 0x000000008b200000, 0x000000008b200000|100%| E|CS|TAMS 0x000000008b100000, 0x000000008b100000| Complete 
| 156|0x000000008b200000, 0x000000008b300000, 0x000000008b300000|100%| E|CS|TAMS 0x000000008b200000, 0x000000008b200000| Complete 
| 157|0x000000008b300000, 0x000000008b400000, 0x000000008b400000|100%| E|CS|TAMS 0x000000008b300000, 0x000000008b300000| Complete 
| 158|0x000000008b400000, 0x000000008b500000, 0x000000008b500000|100%| E|CS|TAMS 0x000000008b400000, 0x000000008b400000| Complete 
| 159|0x000000008b500000, 0x000000008b600000, 0x000000008b600000|100%| E|CS|TAMS 0x000000008b500000, 0x000000008b500000| Complete 
| 160|0x000000008b600000, 0x000000008b700000, 0x000000008b700000|100%| E|CS|TAMS 0x000000008b600000, 0x000000008b600000| Complete 
| 161|0x000000008b700000, 0x000000008b800000, 0x000000008b800000|100%| E|CS|TAMS 0x000000008b700000, 0x000000008b700000| Complete 
| 162|0x000000008b800000, 0x000000008b900000, 0x000000008b900000|100%| E|CS|TAMS 0x000000008b800000, 0x000000008b800000| Complete 
| 163|0x000000008b900000, 0x000000008ba00000, 0x000000008ba00000|100%| E|CS|TAMS 0x000000008b900000, 0x000000008b900000| Complete 
| 164|0x000000008ba00000, 0x000000008bb00000, 0x000000008bb00000|100%| E|CS|TAMS 0x000000008ba00000, 0x000000008ba00000| Complete 
| 165|0x000000008bb00000, 0x000000008bc00000, 0x000000008bc00000|100%| E|CS|TAMS 0x000000008bb00000, 0x000000008bb00000| Complete 
| 166|0x000000008bc00000, 0x000000008bd00000, 0x000000008bd00000|100%| E|CS|TAMS 0x000000008bc00000, 0x000000008bc00000| Complete 
| 167|0x000000008bd00000, 0x000000008be00000, 0x000000008be00000|100%| E|CS|TAMS 0x000000008bd00000, 0x000000008bd00000| Complete 
| 168|0x000000008be00000, 0x000000008bf00000, 0x000000008bf00000|100%| E|CS|TAMS 0x000000008be00000, 0x000000008be00000| Complete 
| 169|0x000000008bf00000, 0x000000008c000000, 0x000000008c000000|100%| E|CS|TAMS 0x000000008bf00000, 0x000000008bf00000| Complete 
| 170|0x000000008c000000, 0x000000008c100000, 0x000000008c100000|100%| E|CS|TAMS 0x000000008c000000, 0x000000008c000000| Complete 
| 171|0x000000008c100000, 0x000000008c200000, 0x000000008c200000|100%| E|CS|TAMS 0x000000008c100000, 0x000000008c100000| Complete 
| 172|0x000000008c200000, 0x000000008c300000, 0x000000008c300000|100%| E|CS|TAMS 0x000000008c200000, 0x000000008c200000| Complete 
| 173|0x000000008c300000, 0x000000008c400000, 0x000000008c400000|100%| E|CS|TAMS 0x000000008c300000, 0x000000008c300000| Complete 
| 174|0x000000008c400000, 0x000000008c500000, 0x000000008c500000|100%| E|CS|TAMS 0x000000008c400000, 0x000000008c400000| Complete 
| 175|0x000000008c500000, 0x000000008c600000, 0x000000008c600000|100%| E|CS|TAMS 0x000000008c500000, 0x000000008c500000| Complete 
| 176|0x000000008c600000, 0x000000008c700000, 0x000000008c700000|100%| E|CS|TAMS 0x000000008c600000, 0x000000008c600000| Complete 
| 177|0x000000008c700000, 0x000000008c800000, 0x000000008c800000|100%| E|CS|TAMS 0x000000008c700000, 0x000000008c700000| Complete 
| 178|0x000000008c800000, 0x000000008c900000, 0x000000008c900000|100%| E|CS|TAMS 0x000000008c800000, 0x000000008c800000| Complete 
| 179|0x000000008c900000, 0x000000008ca00000, 0x000000008ca00000|100%| E|CS|TAMS 0x000000008c900000, 0x000000008c900000| Complete 
| 180|0x000000008ca00000, 0x000000008cb00000, 0x000000008cb00000|100%| E|CS|TAMS 0x000000008ca00000, 0x000000008ca00000| Complete 
| 181|0x000000008cb00000, 0x000000008cc00000, 0x000000008cc00000|100%| E|CS|TAMS 0x000000008cb00000, 0x000000008cb00000| Complete 
| 182|0x000000008cc00000, 0x000000008cd00000, 0x000000008cd00000|100%| E|CS|TAMS 0x000000008cc00000, 0x000000008cc00000| Complete 
| 183|0x000000008cd00000, 0x000000008ce00000, 0x000000008ce00000|100%| E|CS|TAMS 0x000000008cd00000, 0x000000008cd00000| Complete 
| 184|0x000000008ce00000, 0x000000008cf00000, 0x000000008cf00000|100%| E|CS|TAMS 0x000000008ce00000, 0x000000008ce00000| Complete 

Card table byte_map: [0x000000f29f460000,0x000000f29f860000] _byte_map_base: 0x000000f29f055000

Marking Bits (Prev, Next): (CMBitMap*) 0x000000f28788fba8, (CMBitMap*) 0x000000f28788fbe0
 Prev Bits: [0x000000f29fc60000, 0x000000f2a1c08000)
 Next Bits: [0x000000f2a1c10000, 0x000000f2a3bb8000)

Polling page: 0x000000f2857b0000

Metaspace:

Usage:
  Non-class:     68.19 MB capacity,    67.22 MB ( 99%) used,   775.79 KB (  1%) free+waste,   217.00 KB ( <1%) overhead. 
      Class:     10.23 MB capacity,     9.60 MB ( 94%) used,   546.24 KB (  5%) free+waste,    98.56 KB ( <1%) overhead. 
       Both:     78.42 MB capacity,    76.82 MB ( 98%) used,     1.29 MB (  2%) free+waste,   315.56 KB ( <1%) overhead. 

Virtual space:
  Non-class space:       70.00 MB reserved,      68.25 MB ( 98%) committed 
      Class space:        1.00 GB reserved,      10.25 MB (  1%) committed 
             Both:        1.07 GB reserved,      78.50 MB (  7%) committed 

Chunk freelists:
   Non-Class:  128 bytes
       Class:  2.75 KB
        Both:  2.88 KB

CodeHeap 'non-profiled nmethods': size=120000Kb used=3344Kb max_used=3344Kb free=116656Kb
 bounds [0x000000f2976f0000, 0x000000f297a40000, 0x000000f29ec20000]
CodeHeap 'profiled nmethods': size=120000Kb used=12432Kb max_used=12705Kb free=107567Kb
 bounds [0x000000f2901c0000, 0x000000f290e30000, 0x000000f2976f0000]
CodeHeap 'non-nmethods': size=5760Kb used=2292Kb max_used=2334Kb free=3468Kb
 bounds [0x000000f28fc20000, 0x000000f28fe90000, 0x000000f2901c0000]
 total_blobs=6620 nmethods=5733 adapters=795
 compilation: enabled
              stopped_count=0, restarted_count=0
 full_count=0

Compilation events (10 events):
Event: 86.978 Thread 0x000000f2a72c2000 6408       3       org.thymeleaf.util.ProcessorConfigurationUtils$AbstractProcessorWrapper::setElementDefinitions (24 bytes)
Event: 86.978 Thread 0x000000f2a72c2000 nmethod 6408 0x000000f290726210 code [0x000000f290726400, 0x000000f290726bf0]
Event: 86.978 Thread 0x000000f2a72c2000 6407       3       org.thymeleaf.engine.AttributeDefinitions::forHTMLName (33 bytes)
Event: 86.978 Thread 0x000000f2a72c2000 nmethod 6407 0x000000f29072d290 code [0x000000f29072d480, 0x000000f29072d940]
Event: 86.980 Thread 0x000000f2a72bd800 6409       4       java.lang.ClassLoader::addClass (9 bytes)
Event: 86.983 Thread 0x000000f2a72bd800 nmethod 6409 0x000000f297a32e90 code [0x000000f297a33020, 0x000000f297a334c8]
Event: 86.985 Thread 0x000000f2a72bd800 6410       4       java.io.WinNTFileSystem::prefixLength (91 bytes)
Event: 86.988 Thread 0x000000f2a72bd800 nmethod 6410 0x000000f297a33690 code [0x000000f297a33860, 0x000000f297a33bc8]
Event: 86.991 Thread 0x000000f2a72bd800 6411   !   4       sun.net.www.ParseUtil::decode (316 bytes)
Event: 86.992 Thread 0x000000f2a72c2000 6413       3       java.util.regex.Pattern::escape (1323 bytes)

GC Heap History (10 events):
Event: 2.070 GC heap before
{Heap before GC invocations=5 (full 0):
 garbage-first heap   total 131072K, used 49413K [0x0000000081600000, 0x0000000100000000)
  region size 1024K, 40 young (40960K), 5 survivors (5120K)
 Metaspace       used 34944K, capacity 35700K, committed 35840K, reserved 1081344K
  class space    used 4097K, capacity 4390K, committed 4480K, reserved 1048576K
}
Event: 2.079 GC heap after
{Heap after GC invocations=6 (full 0):
 garbage-first heap   total 157696K, used 15868K [0x0000000081600000, 0x0000000100000000)
  region size 1024K, 6 young (6144K), 6 survivors (6144K)
 Metaspace       used 34944K, capacity 35700K, committed 35840K, reserved 1081344K
  class space    used 4097K, capacity 4390K, committed 4480K, reserved 1048576K
}
Event: 5.261 GC heap before
{Heap before GC invocations=7 (full 0):
 garbage-first heap   total 157696K, used 92668K [0x0000000081600000, 0x0000000100000000)
  region size 1024K, 82 young (83968K), 6 survivors (6144K)
 Metaspace       used 41641K, capacity 42605K, committed 42752K, reserved 1087488K
  class space    used 4935K, capacity 5314K, committed 5376K, reserved 1048576K
}
Event: 5.271 GC heap after
{Heap after GC invocations=8 (full 0):
 garbage-first heap   total 157696K, used 19096K [0x0000000081600000, 0x0000000100000000)
  region size 1024K, 9 young (9216K), 9 survivors (9216K)
 Metaspace       used 41641K, capacity 42605K, committed 42752K, reserved 1087488K
  class space    used 4935K, capacity 5314K, committed 5376K, reserved 1048576K
}
Event: 5.875 GC heap before
{Heap before GC invocations=8 (full 0):
 garbage-first heap   total 157696K, used 103064K [0x0000000081600000, 0x0000000100000000)
  region size 1024K, 92 young (94208K), 9 survivors (9216K)
 Metaspace       used 49996K, capacity 51087K, committed 51200K, reserved 1093632K
  class space    used 6190K, capacity 6603K, committed 6656K, reserved 1048576K
}
Event: 5.886 GC heap after
{Heap after GC invocations=9 (full 0):
 garbage-first heap   total 157696K, used 21454K [0x0000000081600000, 0x0000000100000000)
  region size 1024K, 9 young (9216K), 9 survivors (9216K)
 Metaspace       used 49996K, capacity 51087K, committed 51200K, reserved 1093632K
  class space    used 6190K, capacity 6603K, committed 6656K, reserved 1048576K
}
Event: 6.354 GC heap before
{Heap before GC invocations=9 (full 0):
 garbage-first heap   total 157696K, used 67534K [0x0000000081600000, 0x0000000100000000)
  region size 1024K, 56 young (57344K), 9 survivors (9216K)
 Metaspace       used 58848K, capacity 60078K, committed 60160K, reserved 1101824K
  class space    used 7252K, capacity 7758K, committed 7808K, reserved 1048576K
}
Event: 6.366 GC heap after
{Heap after GC invocations=10 (full 0):
 garbage-first heap   total 157696K, used 26210K [0x0000000081600000, 0x0000000100000000)
  region size 1024K, 11 young (11264K), 11 survivors (11264K)
 Metaspace       used 58848K, capacity 60078K, committed 60160K, reserved 1101824K
  class space    used 7252K, capacity 7758K, committed 7808K, reserved 1048576K
}
Event: 7.106 GC heap before
{Heap before GC invocations=11 (full 0):
 garbage-first heap   total 157696K, used 111202K [0x0000000081600000, 0x0000000100000000)
  region size 1024K, 92 young (94208K), 11 survivors (11264K)
 Metaspace       used 67481K, capacity 68822K, committed 68992K, reserved 1110016K
  class space    used 8261K, capacity 8793K, committed 8832K, reserved 1048576K
}
Event: 7.118 GC heap after
{Heap after GC invocations=12 (full 0):
 garbage-first heap   total 189440K, used 31469K [0x0000000081600000, 0x0000000100000000)
  region size 1024K, 11 young (11264K), 11 survivors (11264K)
 Metaspace       used 67481K, capacity 68822K, committed 68992K, reserved 1110016K
  class space    used 8261K, capacity 8793K, committed 8832K, reserved 1048576K
}

Deoptimization events (10 events):
Event: 7.990 Thread 0x000000f287851000 Uncommon trap: reason=class_check action=maybe_recompile pc=0x000000f297962f6c method=java.util.regex.Matcher.search(I)Z @ 121 c2
Event: 7.991 Thread 0x000000f287851000 Uncommon trap: reason=class_check action=maybe_recompile pc=0x000000f297962f6c method=java.util.regex.Matcher.search(I)Z @ 121 c2
Event: 7.992 Thread 0x000000f287851000 Uncommon trap: reason=class_check action=maybe_recompile pc=0x000000f297962f6c method=java.util.regex.Matcher.search(I)Z @ 121 c2
Event: 7.992 Thread 0x000000f287851000 Uncommon trap: reason=class_check action=maybe_recompile pc=0x000000f297962f6c method=java.util.regex.Matcher.search(I)Z @ 121 c2
Event: 7.992 Thread 0x000000f287851000 Uncommon trap: reason=unstable_if action=reinterpret pc=0x000000f2979a6254 method=java.util.regex.Pattern$Branch.match(Ljava/util/regex/Matcher;ILjava/lang/CharSequence;)Z @ 35 c2
Event: 86.690 Thread 0x000000f2ae268800 Uncommon trap: reason=unstable_if action=reinterpret pc=0x000000f2977314fc method=java.lang.AbstractStringBuilder.append(Ljava/lang/String;)Ljava/lang/AbstractStringBuilder; @ 1 c2
Event: 86.691 Thread 0x000000f2ae268800 Uncommon trap: reason=unstable_if action=reinterpret pc=0x000000f2977292e8 method=java.lang.AbstractStringBuilder.append(Ljava/lang/String;)Ljava/lang/AbstractStringBuilder; @ 1 c2
Event: 86.720 Thread 0x000000f2ae268800 Uncommon trap: reason=class_check action=maybe_recompile pc=0x000000f2977c55f8 method=jdk.internal.loader.URLClassPath.getLoader(I)Ljdk/internal/loader/URLClassPath$Loader; @ 88 c2
Event: 86.976 Thread 0x000000f2ae268800 Uncommon trap: reason=unstable_if action=reinterpret pc=0x000000f297a3258c method=org.thymeleaf.engine.AttributeName.equals(Ljava/lang/Object;)Z @ 2 c2
Event: 86.976 Thread 0x000000f2ae268800 Uncommon trap: reason=unstable_if action=reinterpret pc=0x000000f297a32a3c method=org.thymeleaf.engine.AttributeName.equals(Ljava/lang/Object;)Z @ 2 c2

Classes redefined (0 events):
No events

Internal exceptions (10 events):
Event: 8.051 Thread 0x000000f287851000 Exception <a 'java/lang/ClassNotFoundException'{0x0000000088a8d990}: com/spring/survey/api/model/AnketlerCustomizer> (0x0000000088a8d990) thrown at [./open/src/hotspot/share/classfile/systemDictionary.cpp, line 228]
Event: 8.061 Thread 0x000000f287851000 Exception <a 'java/lang/ClassNotFoundException'{0x00000000889684b8}: java/lang/ObjectCustomizer> (0x00000000889684b8) thrown at [./open/src/hotspot/share/classfile/systemDictionary.cpp, line 228]
Event: 8.061 Thread 0x000000f287851000 Exception <a 'java/lang/ClassNotFoundException'{0x000000008897cfc0}: com/spring/survey/api/model/AltSorularCustomizer> (0x000000008897cfc0) thrown at [./open/src/hotspot/share/classfile/systemDictionary.cpp, line 228]
Event: 8.072 Thread 0x000000f287851000 Exception <a 'java/lang/ClassNotFoundException'{0x00000000888562f8}: java/lang/ObjectCustomizer> (0x00000000888562f8) thrown at [./open/src/hotspot/share/classfile/systemDictionary.cpp, line 228]
Event: 8.072 Thread 0x000000f287851000 Exception <a 'java/lang/ClassNotFoundException'{0x000000008886aa00}: com/spring/survey/api/model/SorularCustomizer> (0x000000008886aa00) thrown at [./open/src/hotspot/share/classfile/systemDictionary.cpp, line 228]
Event: 8.088 Thread 0x000000f287851000 Exception <a 'java/lang/reflect/InvocationTargetException'{0x00000000884c7df8}> (0x00000000884c7df8) thrown at [./open/src/hotspot/share/runtime/reflection.cpp, line 1242]
Event: 8.104 Thread 0x000000f287851000 Exception <a 'java/lang/reflect/InvocationTargetException'{0x00000000880646f8}> (0x00000000880646f8) thrown at [./open/src/hotspot/share/runtime/reflection.cpp, line 1242]
Event: 86.690 Thread 0x000000f2ae268800 Implicit null exception at 0x000000f297730ef4 to 0x000000f2977314e2
Event: 86.690 Thread 0x000000f2ae268800 Exception <a 'java/lang/NoSuchMethodError'{0x0000000087894e78}: java.lang.invoke.DirectMethodHandle$Holder.invokeStaticInit(Ljava/lang/Object;Ljava/lang/Object;Ljava/lang/Object;)V> (0x0000000087894e78) thrown at [./open/src/hotspot/share/interpreter/link
Event: 86.691 Thread 0x000000f2ae268800 Implicit null exception at 0x000000f297728cf4 to 0x000000f2977292ce

Events (10 events):
Event: 86.992 loading class org/thymeleaf/context/AbstractExpressionContext
Event: 86.992 loading class org/thymeleaf/context/AbstractExpressionContext done
Event: 86.992 loading class org/thymeleaf/context/AbstractContext
Event: 86.992 loading class org/thymeleaf/context/AbstractContext done
Event: 86.993 loading class org/thymeleaf/expression/IExpressionObjects
Event: 86.993 loading class org/thymeleaf/expression/IExpressionObjects done
Event: 86.993 loading class org/thymeleaf/spring5/util/SpringContentTypeUtils
Event: 86.993 loading class org/thymeleaf/spring5/util/SpringContentTypeUtils done
Event: 86.993 loading class org/thymeleaf/util/ContentTypeUtils
Event: 86.993 loading class org/thymeleaf/util/ContentTypeUtils done


Dynamic libraries:
0x00007ff6a1f10000 - 0x00007ff6a1f1f000 	C:\Program Files\Java\jdk-11.0.8\bin\javaw.exe
0x00007ffcf6f70000 - 0x00007ffcf711d000 	C:\Windows\SYSTEM32\ntdll.dll
0x00007ffcf5900000 - 0x00007ffcf5a3f000 	C:\Windows\system32\KERNEL32.DLL
0x00007ffcf44a0000 - 0x00007ffcf45b5000 	C:\Windows\system32\KERNELBASE.dll
0x00007ffce8ba0000 - 0x00007ffce8bb8000 	C:\Program Files\Java\jdk-11.0.8\bin\jli.dll
0x00007ffce30e0000 - 0x00007ffce30f5000 	C:\Program Files\Java\jdk-11.0.8\bin\VCRUNTIME140.dll
0x00007ffced220000 - 0x00007ffced224000 	C:\Program Files\Java\jdk-11.0.8\bin\api-ms-win-crt-stdio-l1-1-0.dll
0x00007ffcec050000 - 0x00007ffcec054000 	C:\Program Files\Java\jdk-11.0.8\bin\api-ms-win-crt-runtime-l1-1-0.dll
0x00007ffceb950000 - 0x00007ffceb953000 	C:\Program Files\Java\jdk-11.0.8\bin\api-ms-win-crt-environment-l1-1-0.dll
0x00007ffce8b00000 - 0x00007ffce8b05000 	C:\Program Files\Java\jdk-11.0.8\bin\api-ms-win-crt-math-l1-1-0.dll
0x00007ffce7bf0000 - 0x00007ffce7bf3000 	C:\Program Files\Java\jdk-11.0.8\bin\api-ms-win-crt-locale-l1-1-0.dll
0x00007ffce7a00000 - 0x00007ffce7a03000 	C:\Program Files\Java\jdk-11.0.8\bin\api-ms-win-crt-heap-l1-1-0.dll
0x00007ffcf4d30000 - 0x00007ffcf4dda000 	C:\Windows\system32\ADVAPI32.dll
0x00007ffcf1800000 - 0x00007ffcf1a7b000 	C:\Windows\WinSxS\amd64_microsoft.windows.common-controls_6595b64144ccf1df_6.0.9600.19394_none_62486577ecb635cf\COMCTL32.dll
0x00007ffcf4930000 - 0x00007ffcf4aa7000 	C:\Windows\system32\USER32.dll
0x00007ffcf2ce0000 - 0x00007ffcf2cea000 	C:\Windows\SYSTEM32\VERSION.dll
0x00007ffce7910000 - 0x00007ffce7913000 	C:\Program Files\Java\jdk-11.0.8\bin\api-ms-win-crt-filesystem-l1-1-0.dll
0x00007ffce6750000 - 0x00007ffce6754000 	C:\Program Files\Java\jdk-11.0.8\bin\api-ms-win-crt-string-l1-1-0.dll
0x00007ffce4b90000 - 0x00007ffce4b94000 	C:\Program Files\Java\jdk-11.0.8\bin\api-ms-win-crt-convert-l1-1-0.dll
0x00007ffcf4c80000 - 0x00007ffcf4d2a000 	C:\Windows\system32\msvcrt.dll
0x00007ffcf4c20000 - 0x00007ffcf4c78000 	C:\Windows\SYSTEM32\sechost.dll
0x00007ffcf5500000 - 0x00007ffcf5640000 	C:\Windows\system32\RPCRT4.dll
0x00007ffcf4de0000 - 0x00007ffcf4f2d000 	C:\Windows\system32\GDI32.dll
0x00007ffce0c60000 - 0x00007ffce0d5c000 	C:\Program Files\Java\jdk-11.0.8\bin\ucrtbase.DLL
0x00007ffcf45c0000 - 0x00007ffcf45ee000 	C:\Windows\system32\SspiCli.dll
0x00007ffcf58c0000 - 0x00007ffcf58f6000 	C:\Windows\system32\IMM32.DLL
0x00007ffcf51c0000 - 0x00007ffcf5311000 	C:\Windows\system32\MSCTF.dll
0x00007ffce0bc0000 - 0x00007ffce0c5b000 	C:\Program Files\Java\jdk-11.0.8\bin\msvcp140.dll
0x00007ffce4a20000 - 0x00007ffce4a23000 	C:\Program Files\Java\jdk-11.0.8\bin\api-ms-win-crt-time-l1-1-0.dll
0x00007ffce3e80000 - 0x00007ffce3e83000 	C:\Program Files\Java\jdk-11.0.8\bin\api-ms-win-crt-utility-l1-1-0.dll
0x00007ffcd1800000 - 0x00007ffcd22e6000 	C:\Program Files\Java\jdk-11.0.8\bin\server\jvm.dll
0x00007ffcf2460000 - 0x00007ffcf2469000 	C:\Windows\SYSTEM32\WSOCK32.dll
0x00007ffcea110000 - 0x00007ffcea132000 	C:\Windows\SYSTEM32\WINMM.dll
0x00007ffcf4b90000 - 0x00007ffcf4b97000 	C:\Windows\system32\PSAPI.DLL
0x00007ffcf4f30000 - 0x00007ffcf4f8a000 	C:\Windows\system32\WS2_32.dll
0x00007ffce9760000 - 0x00007ffce978a000 	C:\Windows\SYSTEM32\WINMMBASE.dll
0x00007ffcf4b80000 - 0x00007ffcf4b89000 	C:\Windows\system32\NSI.dll
0x00007ffcf4450000 - 0x00007ffcf449f000 	C:\Windows\SYSTEM32\cfgmgr32.dll
0x00007ffcf2ed0000 - 0x00007ffcf2ef8000 	C:\Windows\SYSTEM32\DEVOBJ.dll
0x00007ffce3e00000 - 0x00007ffce3e10000 	C:\Program Files\Java\jdk-11.0.8\bin\verify.dll
0x00007ffceecd0000 - 0x00007ffceee59000 	C:\Windows\SYSTEM32\DBGHELP.DLL
0x00007ffce30b0000 - 0x00007ffce30d8000 	C:\Program Files\Java\jdk-11.0.8\bin\java.dll
0x00007ffce3390000 - 0x00007ffce339a000 	C:\Program Files\Java\jdk-11.0.8\bin\jimage.dll
0x00007ffce27a0000 - 0x00007ffce27b6000 	C:\Program Files\Java\jdk-11.0.8\bin\zip.dll
0x00007ffcf5a40000 - 0x00007ffcf6f6e000 	C:\Windows\system32\SHELL32.dll
0x00007ffcf4fa0000 - 0x00007ffcf51b1000 	C:\Windows\SYSTEM32\combase.dll
0x00007ffcf4ba0000 - 0x00007ffcf4bf4000 	C:\Windows\system32\SHLWAPI.dll
0x00007ffcf2b90000 - 0x00007ffcf2c42000 	C:\Windows\SYSTEM32\SHCORE.dll
0x00007ffcf4090000 - 0x00007ffcf40a5000 	C:\Windows\SYSTEM32\profapi.dll
0x00007ffce2380000 - 0x00007ffce2399000 	C:\Program Files\Java\jdk-11.0.8\bin\net.dll
0x00007ffce9f10000 - 0x00007ffce9fd9000 	C:\Windows\SYSTEM32\WINHTTP.dll
0x00007ffcf38d0000 - 0x00007ffcf3929000 	C:\Windows\system32\mswsock.dll
0x00007ffce20e0000 - 0x00007ffce20f2000 	C:\Program Files\Java\jdk-11.0.8\bin\nio.dll
0x00007ffce2790000 - 0x00007ffce2799000 	C:\Program Files\Java\jdk-11.0.8\bin\management.dll
0x00007ffce25e0000 - 0x00007ffce25eb000 	C:\Program Files\Java\jdk-11.0.8\bin\management_ext.dll
0x00007ffce8a30000 - 0x00007ffce8a45000 	C:\Windows\system32\napinsp.dll
0x00007ffce8a10000 - 0x00007ffce8a2a000 	C:\Windows\system32\pnrpnsp.dll
0x00007ffcee1b0000 - 0x00007ffcee1cb000 	C:\Windows\system32\NLAapi.dll
0x00007ffcf36d0000 - 0x00007ffcf3774000 	C:\Windows\SYSTEM32\DNSAPI.dll
0x00007ffce8a00000 - 0x00007ffce8a0d000 	C:\Windows\System32\winrnr.dll
0x00007ffce89e0000 - 0x00007ffce89f4000 	C:\Windows\system32\wshbth.dll
0x00007ffcebbc0000 - 0x00007ffcebbca000 	C:\Windows\System32\rasadhlp.dll
0x00007ffcecfd0000 - 0x00007ffcecffa000 	C:\Windows\SYSTEM32\IPHLPAPI.DLL
0x00007ffcecfa0000 - 0x00007ffcecfaa000 	C:\Windows\SYSTEM32\WINNSI.DLL
0x00007ffcec800000 - 0x00007ffcec86b000 	C:\Windows\System32\fwpuclnt.dll
0x00007ffcf3930000 - 0x00007ffcf3950000 	C:\Windows\SYSTEM32\CRYPTSP.dll
0x00007ffcf3550000 - 0x00007ffcf3586000 	C:\Windows\system32\rsaenh.dll
0x00007ffcf3b70000 - 0x00007ffcf3b96000 	C:\Windows\SYSTEM32\bcrypt.dll
0x00007ffcf3660000 - 0x00007ffcf3681000 	C:\Windows\SYSTEM32\USERENV.dll
0x00007ffcf3e90000 - 0x00007ffcf3ef3000 	C:\Windows\system32\bcryptprimitives.dll
0x00007ffcf3f00000 - 0x00007ffcf3f0b000 	C:\Windows\SYSTEM32\CRYPTBASE.dll
0x00007ffcec7d0000 - 0x00007ffcec7e6000 	C:\Windows\SYSTEM32\dhcpcsvc6.DLL
0x00007ffceccb0000 - 0x00007ffceccca000 	C:\Windows\SYSTEM32\dhcpcsvc.DLL
0x00007ffce2510000 - 0x00007ffce251d000 	C:\Program Files\Java\jdk-11.0.8\bin\sunmscapi.dll
0x00007ffcf4210000 - 0x00007ffcf43ef000 	C:\Windows\system32\CRYPT32.dll
0x00007ffcf3b40000 - 0x00007ffcf3b65000 	C:\Windows\SYSTEM32\ncrypt.dll
0x00007ffcf4140000 - 0x00007ffcf4151000 	C:\Windows\system32\MSASN1.dll
0x00007ffcf3b00000 - 0x00007ffcf3b37000 	C:\Windows\SYSTEM32\NTASN1.dll
0x00007ffce0b90000 - 0x00007ffce0bb5000 	C:\Program Files\Java\jdk-11.0.8\bin\sunec.dll

dbghelp: loaded successfully - version: 4.0.5 - missing functions: none
symbol engine: initialized successfully - sym options: 0x614 - pdb path: .;C:\Program Files\Java\jdk-11.0.8\bin;C:\Windows\SYSTEM32;C:\Windows\WinSxS\amd64_microsoft.windows.common-controls_6595b64144ccf1df_6.0.9600.19394_none_62486577ecb635cf;C:\Program Files\Java\jdk-11.0.8\bin\server

VM Arguments:
jvm_args: -Dfile.encoding=UTF-8 
java_command: com.spring.survey.api.SurveyApplication
java_class_path (initial): C:\Users\Davut Peker\Desktop\Survey\Survey\target\classes;C:\Users\Davut Peker\.m2\repository\org\springframework\boot\spring-boot-starter-data-jpa\2.3.5.RELEASE\spring-boot-starter-data-jpa-2.3.5.RELEASE.jar;C:\Users\Davut Peker\.m2\repository\org\springframework\boot\spring-boot-starter-aop\2.3.5.RELEASE\spring-boot-starter-aop-2.3.5.RELEASE.jar;C:\Users\Davut Peker\.m2\repository\org\aspectj\aspectjweaver\1.9.6\aspectjweaver-1.9.6.jar;C:\Users\Davut Peker\.m2\repository\org\springframework\boot\spring-boot-starter-jdbc\2.3.5.RELEASE\spring-boot-starter-jdbc-2.3.5.RELEASE.jar;C:\Users\Davut Peker\.m2\repository\com\zaxxer\HikariCP\3.4.5\HikariCP-3.4.5.jar;C:\Users\Davut Peker\.m2\repository\org\springframework\spring-jdbc\5.2.10.RELEASE\spring-jdbc-5.2.10.RELEASE.jar;C:\Users\Davut Peker\.m2\repository\jakarta\transaction\jakarta.transaction-api\1.3.3\jakarta.transaction-api-1.3.3.jar;C:\Users\Davut Peker\.m2\repository\jakarta\persistence\jakarta.persistence-api\2.2.3\jakarta.persistence-api-2.2.3.jar;C:\Users\Davut Peker\.m2\repository\org\hibernate\hibernate-core\5.4.22.Final\hibernate-core-5.4.22.Final.jar;C:\Users\Davut Peker\.m2\repository\org\javassist\javassist\3.24.0-GA\javassist-3.24.0-GA.jar;C:\Users\Davut Peker\.m2\repository\antlr\antlr\2.7.7\antlr-2.7.7.jar;C:\Users\Davut Peker\.m2\repository\org\jboss\jandex\2.1.3.Final\jandex-2.1.3.Final.jar;C:\Users\Davut Peker\.m2\repository\org\dom4j\dom4j\2.1.3\dom4j-2.1.3.jar;C:\Users\Davut Peker\.m2\repository\org\hibernate\common\hibernate-commons-annotations\5.1.0.Final\hibernate-commons-annotations-5.1.0.Final.jar;C:\Users\Davut Peker\.m2\repository\org\glassfish\jaxb\jaxb-runtime\2.3.3\jaxb-runtime-2.3.3.jar;C:\Users\Davut Peker\.m2\repository\org\glassfish\jaxb\txw2\2.3.3\txw2-2.3.3.jar;C:\Users\Davut Peker\.m2\repository\com\sun\istack\istack-commons-runtime\3.0.11\istack-commons-runtime-3.0.11.jar;C:\Users\Davut Peker\.m2\repository\com\sun\activation\jakarta.activation\1.2
Launcher Type: SUN_STANDARD

[Global flags]
     intx CICompilerCount                          = 4                                         {product} {ergonomic}
     uint ConcGCThreads                            = 2                                         {product} {ergonomic}
     uint G1ConcRefinementThreads                  = 8                                         {product} {ergonomic}
   size_t G1HeapRegionSize                         = 1048576                                   {product} {ergonomic}
    uintx GCDrainStackTargetSize                   = 64                                        {product} {ergonomic}
   size_t InitialHeapSize                          = 134217728                                 {product} {ergonomic}
   size_t MarkStackSize                            = 4194304                                   {product} {ergonomic}
   size_t MaxHeapSize                              = 2124414976                                {product} {ergonomic}
   size_t MaxNewSize                               = 1274019840                                {product} {ergonomic}
   size_t MinHeapDeltaBytes                        = 1048576                                   {product} {ergonomic}
    uintx NonNMethodCodeHeapSize                   = 5836300                                {pd product} {ergonomic}
    uintx NonProfiledCodeHeapSize                  = 122910970                              {pd product} {ergonomic}
    uintx ProfiledCodeHeapSize                     = 122910970                              {pd product} {ergonomic}
    uintx ReservedCodeCacheSize                    = 251658240                              {pd product} {ergonomic}
     bool SegmentedCodeCache                       = true                                      {product} {ergonomic}
     bool UseCompressedClassPointers               = true                                 {lp64_product} {ergonomic}
     bool UseCompressedOops                        = true                                 {lp64_product} {ergonomic}
     bool UseG1GC                                  = true                                      {product} {ergonomic}
     bool UseLargePagesIndividualAllocation        = false                                  {pd product} {ergonomic}

Logging:
Log output configuration:
 #0: stdout all=warning uptime,level,tags
 #1: stderr all=off uptime,level,tags

Environment Variables:
PATH=C:/Users/Davut Peker/.p2/pool/plugins/org.eclipse.justj.openjdk.hotspot.jre.full.win32.x86_64_14.0.2.v20200815-0932/jre/bin/server;C:/Users/Davut Peker/.p2/pool/plugins/org.eclipse.justj.openjdk.hotspot.jre.full.win32.x86_64_14.0.2.v20200815-0932/jre/bin;C:\Program Files\Common Files\Oracle\Java\javapath;C:\webdrivers;C:\Windows\System32\wbem;C:\Program Files\MongoDB\Server\4.2\bin;C:\Program Files\nodejs\;C:\Program Files\MySQL\MySQL Shell 8.0\bin\;C:\Program Files\Java\jdk1.8.0_221\bin;C:\Users\Davut Peker\AppData\Local\Programs\Microsoft VS Code Insiders\bin;C:\Users\Davut Peker\AppData\Roaming\npm;C:\Users\Davut Peker\Desktop;
USERNAME=trbznlud
OS=Windows_NT
PROCESSOR_IDENTIFIER=Intel64 Family 6 Model 60 Stepping 3, GenuineIntel



---------------  S Y S T E M  ---------------

OS: Windows 8.1 , 64 bit Build 9600 (6.3.9600.19843)

CPU:total 8 (initial active 8) (4 cores per cpu, 2 threads per core) family 6 model 60 stepping 3, cmov, cx8, fxsr, mmx, sse, sse2, sse3, ssse3, sse4.1, sse4.2, popcnt, avx, avx2, aes, clmul, erms, lzcnt, ht, tsc, tscinvbit, bmi1, bmi2, fma

Memory: 4k page, system-wide physical 8097M (1127M free)
TotalPageFile size 32673M (AvailPageFile size 41M)
current process WorkingSet (physical memory assigned to process): 342M, peak: 380M
current process commit charge ("private bytes"): 416M, peak: 450M

vm_info: Java HotSpot(TM) 64-Bit Server VM (11.0.8+10-LTS) for windows-amd64 JRE (11.0.8+10-LTS), built on Jun 16 2020 05:53:08 by "mach5one" with unknown MS VC++:1916

END.
